Arguments: 
  C:\Program Files\nodejs\node.exe C:\Program Files (x86)\Yarn\bin\yarn.js add -D typescript @types/node

PATH: 
  C:\Program Files\Common Files\Oracle\Java\javapath;C:\Python38\Scripts\;C:\Python38\;C:\Windows\system32;C:\Windows;C:\Windows\System32\Wbem;C:\Windows\System32\WindowsPowerShell\v1.0\;C:\Windows\System32\OpenSSH\;C:\Program Files (x86)\NVIDIA Corporation\PhysX\Common;C:\Program Files\NVIDIA Corporation\NVIDIA NvDLISR;C:\Program Files\nodejs\;C:\ProgramData\chocolatey\bin;C:\Program Files\Git\cmd;C:\Program Files\Java\jdk-11.0.8\bin;C:\Program Files (x86)\Yarn\bin\;C:\Users\boliv\AppData\Local\watchman;C:\Program Files\PostgreSQL\12\bin;C:\Users\boliv\Desktop\redis;C:\Users\boliv\AppData\Local\Programs\Python\Python38-32\Scripts\;C:\Users\boliv\AppData\Local\Programs\Python\Python38-32\;C:\Users\boliv\AppData\Local\Microsoft\WindowsApps;C:\Users\boliv\AppData\Local\Programs\Microsoft VS Code\bin;C:\Users\boliv\AppData\Roaming\npm;C:\Users\boliv\AppData\Local\Yarn\bin;C:\Android\tools\bin\platform-tools;C:\Users\boliv\AppData\Local\atom\bin;C:\Users\boliv\AppData\Local\watchman;;C:\Program Files\Docker Toolbox

Yarn version: 
  1.22.4

Node version: 
  12.18.2

Platform: 
  win32 x64

Trace: 
  SyntaxError: C:\Users\boliv\Desktop\code\ts\server-ofq\package.json: Unexpected token n in JSON at position 224
      at JSON.parse (<anonymous>)
      at C:\Program Files (x86)\Yarn\lib\cli.js:1625:59
      at Generator.next (<anonymous>)
      at step (C:\Program Files (x86)\Yarn\lib\cli.js:310:30)
      at C:\Program Files (x86)\Yarn\lib\cli.js:321:13

npm manifest: 
  {
    "name": "server-ofq",
    "version": "1.0.0",
    "description": "",
    "main": "index.js",
    "scripts": {
      "test": "echo \"Error: no test specified\" && exit 1"
    },
    "keywords": [],
    "author": "",
    "license": "ISC"
  }
  npm

yarn manifest: 
  No manifest

Lockfile: 
  No lockfile
